0 info it worked if it ends with ok
1 verbose cli [ 'C:\\Program Files\\nodejs\\node.exe',
1 verbose cli   'C:\\Program Files\\nodejs\\node_modules\\npm\\bin\\npm-cli.js',
1 verbose cli   'start' ]
2 info using npm@3.10.3
3 info using node@v6.6.0
4 verbose run-script [ 'prestart', 'start', 'poststart' ]
5 info lifecycle salesfarce@1.0.0~prestart: salesfarce@1.0.0
6 verbose lifecycle salesfarce@1.0.0~prestart: unsafe-perm in lifecycle true
7 verbose lifecycle salesfarce@1.0.0~prestart: PATH: C:\Program Files\nodejs\node_modules\npm\bin\node-gyp-bin;C:\Users\rober\projects\salesfarce\node_modules\.bin;C:\Program Files\nodejs;C:\Users\rober\bin;C:\Program Files\Git\mingw64\bin;C:\Program Files\Git\usr\local\bin;C:\Program Files\Git\usr\bin;C:\Program Files\Git\usr\bin;C:\Program Files\Git\mingw64\bin;C:\Program Files\Git\usr\bin;C:\Users\rober\bin;C:\Program Files (x86)\Microsoft Visual Studio 14.0\Common7\IDE\Extensions\Microsoft\Windows Azure Tools\Docker;C:\ProgramData\Oracle\Java\javapath;C:\Program Files (x86)\Intel\iCLS Client;C:\Program Files\Intel\iCLS Client;C:\WINDOWS\system32;C:\WINDOWS;C:\WINDOWS\System32\Wbem;C:\WINDOWS\System32\WindowsPowerShell\v1.0;C:\Program Files (x86)\Intel\Intel(R) Management Engine Components\DAL;C:\Program Files\Intel\Intel(R) Management Engine Components\DAL;C:\Program Files (x86)\Intel\Intel(R) Management Engine Components\IPT;C:\Program Files\Intel\Intel(R) Management Engine Components\IPT;C:\Program Files\Intel\WiFi\bin;C:\Program Files\Common Files\Intel\WirelessCommon;C:\Program Files\Git\cmd;C:\Program Files\Microsoft SQL Server\130\Tools\Binn;C:\Go\bin;C:\Program Files (x86)\Skype\Phone;C:\Users\rober\go\bin;C:\Program Files\Microsoft\Web Platform Installer;C:\Program Files (x86)\Windows Live\Shared;C:\Program Files\Microsoft SQL Server\120\Tools\Binn;C:\Program Files (x86)\Windows Kits\10\Windows Performance Toolkit;C:\Program Files\dotnet;C:\Program Files\Mono\bin;C:\Program Files (x86)\NUnit.org\nunit-console;C:\Program Files\nodejs;C:\Users\rober\Anaconda2;C:\Users\rober\Anaconda2\Scripts;C:\Users\rober\Anaconda2\Library\bin;C:\Program Files (x86)\Microsoft VS Code\bin;C:\Program Files\Docker Toolbox;C:\Users\rober\AppData\Local\Microsoft\WindowsApps;C:\Users\rober\AppData\Roaming\npm;C:\Program Files\Git\usr\bin\vendor_perl;C:\Program Files\Git\usr\bin\core_perl
8 verbose lifecycle salesfarce@1.0.0~prestart: CWD: C:\Users\rober\projects\salesfarce
9 silly lifecycle salesfarce@1.0.0~prestart: Args: [ '/d /s /c', 'npm run build' ]
10 silly lifecycle salesfarce@1.0.0~prestart: Returned: code: 0  signal: null
11 info lifecycle salesfarce@1.0.0~start: salesfarce@1.0.0
12 verbose lifecycle salesfarce@1.0.0~start: unsafe-perm in lifecycle true
13 verbose lifecycle salesfarce@1.0.0~start: PATH: C:\Program Files\nodejs\node_modules\npm\bin\node-gyp-bin;C:\Users\rober\projects\salesfarce\node_modules\.bin;C:\Program Files\nodejs;C:\Users\rober\bin;C:\Program Files\Git\mingw64\bin;C:\Program Files\Git\usr\local\bin;C:\Program Files\Git\usr\bin;C:\Program Files\Git\usr\bin;C:\Program Files\Git\mingw64\bin;C:\Program Files\Git\usr\bin;C:\Users\rober\bin;C:\Program Files (x86)\Microsoft Visual Studio 14.0\Common7\IDE\Extensions\Microsoft\Windows Azure Tools\Docker;C:\ProgramData\Oracle\Java\javapath;C:\Program Files (x86)\Intel\iCLS Client;C:\Program Files\Intel\iCLS Client;C:\WINDOWS\system32;C:\WINDOWS;C:\WINDOWS\System32\Wbem;C:\WINDOWS\System32\WindowsPowerShell\v1.0;C:\Program Files (x86)\Intel\Intel(R) Management Engine Components\DAL;C:\Program Files\Intel\Intel(R) Management Engine Components\DAL;C:\Program Files (x86)\Intel\Intel(R) Management Engine Components\IPT;C:\Program Files\Intel\Intel(R) Management Engine Components\IPT;C:\Program Files\Intel\WiFi\bin;C:\Program Files\Common Files\Intel\WirelessCommon;C:\Program Files\Git\cmd;C:\Program Files\Microsoft SQL Server\130\Tools\Binn;C:\Go\bin;C:\Program Files (x86)\Skype\Phone;C:\Users\rober\go\bin;C:\Program Files\Microsoft\Web Platform Installer;C:\Program Files (x86)\Windows Live\Shared;C:\Program Files\Microsoft SQL Server\120\Tools\Binn;C:\Program Files (x86)\Windows Kits\10\Windows Performance Toolkit;C:\Program Files\dotnet;C:\Program Files\Mono\bin;C:\Program Files (x86)\NUnit.org\nunit-console;C:\Program Files\nodejs;C:\Users\rober\Anaconda2;C:\Users\rober\Anaconda2\Scripts;C:\Users\rober\Anaconda2\Library\bin;C:\Program Files (x86)\Microsoft VS Code\bin;C:\Program Files\Docker Toolbox;C:\Users\rober\AppData\Local\Microsoft\WindowsApps;C:\Users\rober\AppData\Roaming\npm;C:\Program Files\Git\usr\bin\vendor_perl;C:\Program Files\Git\usr\bin\core_perl
14 verbose lifecycle salesfarce@1.0.0~start: CWD: C:\Users\rober\projects\salesfarce
15 silly lifecycle salesfarce@1.0.0~start: Args: [ '/d /s /c', 'node dist/app local' ]
16 silly lifecycle salesfarce@1.0.0~start: Returned: code: 1  signal: null
17 info lifecycle salesfarce@1.0.0~start: Failed to exec start script
18 verbose stack Error: salesfarce@1.0.0 start: `node dist/app local`
18 verbose stack Exit status 1
18 verbose stack     at EventEmitter.<anonymous> (C:\Program Files\nodejs\node_modules\npm\lib\utils\lifecycle.js:242:16)
18 verbose stack     at emitTwo (events.js:106:13)
18 verbose stack     at EventEmitter.emit (events.js:191:7)
18 verbose stack     at ChildProcess.<anonymous> (C:\Program Files\nodejs\node_modules\npm\lib\utils\spawn.js:40:14)
18 verbose stack     at emitTwo (events.js:106:13)
18 verbose stack     at ChildProcess.emit (events.js:191:7)
18 verbose stack     at maybeClose (internal/child_process.js:877:16)
18 verbose stack     at Process.ChildProcess._handle.onexit (internal/child_process.js:226:5)
19 verbose pkgid salesfarce@1.0.0
20 verbose cwd C:\Users\rober\projects\salesfarce
21 error Windows_NT 10.0.14393
22 error argv "C:\\Program Files\\nodejs\\node.exe" "C:\\Program Files\\nodejs\\node_modules\\npm\\bin\\npm-cli.js" "start"
23 error node v6.6.0
24 error npm  v3.10.3
25 error code ELIFECYCLE
26 error salesfarce@1.0.0 start: `node dist/app local`
26 error Exit status 1
27 error Failed at the salesfarce@1.0.0 start script 'node dist/app local'.
27 error Make sure you have the latest version of node.js and npm installed.
27 error If you do, this is most likely a problem with the salesfarce package,
27 error not with npm itself.
27 error Tell the author that this fails on your system:
27 error     node dist/app local
27 error You can get information on how to open an issue for this project with:
27 error     npm bugs salesfarce
27 error Or if that isn't available, you can get their info via:
27 error     npm owner ls salesfarce
27 error There is likely additional logging output above.
28 verbose exit [ 1, true ]
